{"level":"info","message":"Chargement de la dépendance ServerManager...","timestamp":"2017-12-18T13:41:29.058Z"}
{"level":"info","message":"Chargement de la dépendance NeeoManager...","timestamp":"2017-12-18T13:41:29.258Z"}
{"level":"info","message":"Chargement de la dépendance Notifier...","timestamp":"2017-12-18T13:41:29.271Z"}
{"level":"info","message":"Chargement de la dépendance applicative...","timestamp":"2017-12-18T13:41:29.353Z"}
{"level":"info","message":"\u001b[32mDépendances chargées !\u001b[39m","timestamp":"2017-12-18T13:41:29.477Z"}
{"level":"info","message":"\u001b[34mChargement des routes...\u001b[39m","timestamp":"2017-12-18T13:41:29.479Z"}
{"level":"info","message":"Importation des routes du fichier filbleu.routing.json","timestamp":"2017-12-18T13:41:29.482Z"}
{"level":"info","message":"Importation des routes du fichier neeo.routing.json","timestamp":"2017-12-18T13:41:29.482Z"}
{"level":"info","message":"Importation des routes du fichier recipe.routing.json","timestamp":"2017-12-18T13:41:29.483Z"}
{"level":"info","message":"\u001b[32mRoutes chargées !\u001b[39m","timestamp":"2017-12-18T13:41:29.484Z"}
{"level":"info","message":"\u001b[34mChargement des contrôleurs...\u001b[39m","timestamp":"2017-12-18T13:41:29.484Z"}
{"level":"info","message":"Instanciation du contrôleur Filbleu...","timestamp":"2017-12-18T13:41:29.757Z"}
{"level":"info","message":"Instanciation du contrôleur Neeo...","timestamp":"2017-12-18T13:41:29.758Z"}
{"level":"info","message":"Instanciation du contrôleur Recipe...","timestamp":"2017-12-18T13:41:29.759Z"}
{"level":"info","message":"Instanciation du contrôleur Server...","timestamp":"2017-12-18T13:41:29.760Z"}
{"level":"info","message":"\u001b[32mContrôleurs chargés !\u001b[39m","timestamp":"2017-12-18T13:41:29.760Z"}
{"level":"info","message":"\u001b[34mGénération des routes...\u001b[39m","timestamp":"2017-12-18T13:41:29.761Z"}
{"level":"info","message":"Génération de la route /filbleu/horaires (method: get / type: controller)","timestamp":"2017-12-18T13:41:29.796Z"}
{"level":"info","message":"Génération de la route /neeo (method: get / type: controller)","timestamp":"2017-12-18T13:41:29.798Z"}
{"level":"info","message":"Génération de la route /neeo/freebox (method: get / type: controller)","timestamp":"2017-12-18T13:41:29.799Z"}
{"level":"info","message":"Génération de la route /recipes (method: get / type: controller)","timestamp":"2017-12-18T13:41:29.799Z"}
{"level":"info","message":"\u001b[32mGénération des routes réussie !\u001b[39m","timestamp":"2017-12-18T13:41:29.800Z"}
{"level":"info","message":"\u001b[34mChargement des données serveur...\u001b[39m","timestamp":"2017-12-18T13:41:29.800Z"}
{"level":"info","message":"\u001b[34mChargement des données\u001b[39m","timestamp":"2017-12-18T13:41:29.800Z"}
{"level":"info","message":"\u001b[32m11 recipes have been added !\u001b[39m","timestamp":"2017-12-18T13:41:29.882Z"}
{"level":"info","message":"\u001b[32m4 rooms have been added !\u001b[39m","timestamp":"2017-12-18T13:41:30.707Z"}
{"level":"info","message":"\u001b[32mDonnées serveur chargées !\u001b[39m","timestamp":"2017-12-18T13:41:30.707Z"}
{"level":"info","message":"\u001b[32mLe serveur est démarré !\u001b[39m","timestamp":"2017-12-18T13:41:30.712Z"}
{"level":"info","message":"Chargement de la dépendance ServerManager...","timestamp":"2017-12-18T13:43:19.272Z"}
{"level":"info","message":"Chargement de la dépendance NeeoManager...","timestamp":"2017-12-18T13:43:19.473Z"}
{"level":"info","message":"Chargement de la dépendance Notifier...","timestamp":"2017-12-18T13:43:19.486Z"}
{"level":"info","message":"Chargement de la dépendance applicative...","timestamp":"2017-12-18T13:43:19.569Z"}
{"level":"info","message":"\u001b[32mDépendances chargées !\u001b[39m","timestamp":"2017-12-18T13:43:19.688Z"}
{"level":"info","message":"\u001b[34mChargement des routes...\u001b[39m","timestamp":"2017-12-18T13:43:19.689Z"}
{"level":"info","message":"Importation des routes du fichier filbleu.routing.json","timestamp":"2017-12-18T13:43:19.692Z"}
{"level":"info","message":"Importation des routes du fichier neeo.routing.json","timestamp":"2017-12-18T13:43:19.693Z"}
{"level":"info","message":"Importation des routes du fichier recipe.routing.json","timestamp":"2017-12-18T13:43:19.694Z"}
{"level":"info","message":"\u001b[32mRoutes chargées !\u001b[39m","timestamp":"2017-12-18T13:43:19.694Z"}
{"level":"info","message":"\u001b[34mChargement des contrôleurs...\u001b[39m","timestamp":"2017-12-18T13:43:19.695Z"}
{"level":"info","message":"Instanciation du contrôleur Filbleu...","timestamp":"2017-12-18T13:43:19.957Z"}
{"level":"info","message":"Instanciation du contrôleur Neeo...","timestamp":"2017-12-18T13:43:19.959Z"}
{"level":"info","message":"Instanciation du contrôleur Recipe...","timestamp":"2017-12-18T13:43:19.960Z"}
{"level":"info","message":"Instanciation du contrôleur Server...","timestamp":"2017-12-18T13:43:19.961Z"}
{"level":"info","message":"\u001b[32mContrôleurs chargés !\u001b[39m","timestamp":"2017-12-18T13:43:19.961Z"}
{"level":"info","message":"\u001b[34mGénération des routes...\u001b[39m","timestamp":"2017-12-18T13:43:19.961Z"}
{"level":"info","message":"Génération de la route /filbleu/horaires (method: get / type: controller)","timestamp":"2017-12-18T13:43:19.994Z"}
{"level":"info","message":"Génération de la route /neeo (method: get / type: controller)","timestamp":"2017-12-18T13:43:19.995Z"}
{"level":"info","message":"Génération de la route /neeo/freebox (method: get / type: controller)","timestamp":"2017-12-18T13:43:19.995Z"}
{"level":"info","message":"Génération de la route /recipes (method: get / type: controller)","timestamp":"2017-12-18T13:43:19.995Z"}
{"level":"info","message":"\u001b[32mGénération des routes réussie !\u001b[39m","timestamp":"2017-12-18T13:43:19.996Z"}
{"level":"info","message":"\u001b[34mChargement des données serveur...\u001b[39m","timestamp":"2017-12-18T13:43:19.996Z"}
{"level":"info","message":"\u001b[34mChargement des données\u001b[39m","timestamp":"2017-12-18T13:43:19.996Z"}
{"level":"info","message":"\u001b[32m11 recipes have been added !\u001b[39m","timestamp":"2017-12-18T13:43:20.071Z"}
{"level":"info","message":"\u001b[32m4 rooms have been added !\u001b[39m","timestamp":"2017-12-18T13:43:21.164Z"}
{"level":"info","message":"\u001b[32mDonnées serveur chargées !\u001b[39m","timestamp":"2017-12-18T13:43:21.164Z"}
{"level":"info","message":"\u001b[32mLe serveur est démarré !\u001b[39m","timestamp":"2017-12-18T13:43:21.168Z"}
